Arguments: 
  /usr/local/bin/node /usr/local/bin/yarn init

PATH: 
  /usr/local/bin:/usr/bin:/bin:/usr/sbin:/sbin

Yarn version: 
  0.20.4

Node version: 
  8.4.0

Platform: 
  darwin x64

npm manifest: 
  {
    "name": "jiangmx",
    "version": "1.0.0",
    "main": "index.js",
    "author": "jiangmxa <jiangmxa@chanjet.com>",
    "license": "MIT"
  }

yarn manifest: 
  No manifest

Lockfile: 
  No lockfile

Trace: 
  Error: EACCES: permission denied, open '/Users/apple/Library/Caches/Yarn/.roadrunner.json'
      at Object.fs.openSync (fs.js:652:18)
      at Object.fs.writeFileSync (fs.js:1299:33)
      at /usr/local/lib/node_modules/yarn/node_modules/roadrunner/index.js:25:6
      at /usr/local/lib/node_modules/yarn/node_modules/roadrunner/index.js:12:12
      at emitOne (events.js:120:20)
      at process.emit (events.js:210:7)
      at processEmit [as emit] (/usr/local/lib/node_modules/yarn/node_modules/signal-exit/index.js:149:35)
      at process.exit (internal/process.js:158:15)
      at exit (/usr/local/lib/node_modules/yarn/lib/cli/index.js:431:13)
      at <anonymous>
